2025-02-10 07:57:19,534 [INFO] Activator:176 - 


2025-02-10 07:57:19,536 [INFO] Activator:177 - !SESSION log4j initialized
2025-02-10 07:57:25,370 [INFO] LogOutputStream:77 - [STDOUT_REDIRECT] 
2025-02-10 07:57:27,666 [INFO] ApplicationProperties:184 - Using Application install path: C:\ST\STM32CubeIDE_1.17.0\STM32CubeIDE\plugins\com.st.stm32cube.common.mx_6.13.0.202411220809
2025-02-10 07:57:27,683 [INFO] DbMcusXml:78 - Set database path to: C:\ST\STM32CubeIDE_1.17.0\STM32CubeIDE\plugins\com.st.stm32cube.common.mx_6.13.0.202411220809\\db\/mcu/
2025-02-10 07:57:27,683 [INFO] ApiDb:274 - Set plugin database path to: C:\ST\STM32CubeIDE_1.17.0\STM32CubeIDE\plugins\com.st.stm32cube.common.mx_6.13.0.202411220809\\db\/plugins/boardmanager/
2025-02-10 07:57:27,684 [WARN] ApiDb:259 - Overriding images path with different value:  => C:\ST\STM32CubeIDE_1.17.0\STM32CubeIDE\plugins\com.st.stm32cube.common.mx_6.13.0.202411220809\\db\/plugins/mcufinder/images/
2025-02-10 07:57:27,693 [INFO] ApiDb:250 - Set database path to: C:\Users\dqcuong\.stmcufinder\plugins\mcufinder//mcu/
2025-02-10 07:57:27,694 [INFO] DbMcusAds:125 - Set database path to: C:\Users\dqcuong\.stmcufinder\plugins\mcufinder//mcu/
2025-02-10 07:57:27,695 [INFO] CrossReferenceDbSqlite:203 - Set database path to: C:\Users\dqcuong\.stmcufinder\plugins\mcufinder//mcu/cs/
2025-02-10 07:57:27,758 [INFO] RulesReader:64 - Compatibility file has been processed (297 Rules)
2025-02-10 07:57:27,798 [INFO] DbMcusXml:78 - Set database path to: C:\ST\STM32CubeIDE_1.17.0\STM32CubeIDE\plugins\com.st.stm32cube.common.mx_6.13.0.202411220809\\db\/mcu/
2025-02-10 07:57:27,798 [INFO] ApiDb:274 - Set plugin database path to: C:\ST\STM32CubeIDE_1.17.0\STM32CubeIDE\plugins\com.st.stm32cube.common.mx_6.13.0.202411220809\\db\/plugins/boardmanager/
2025-02-10 07:57:27,798 [INFO] ApiDb:261 - Set plugin images path to: C:\ST\STM32CubeIDE_1.17.0\STM32CubeIDE\plugins\com.st.stm32cube.common.mx_6.13.0.202411220809\\db\/plugins/mcufinder/images/
2025-02-10 07:57:27,798 [WARN] DbFile:41 - Overriding database path with different value: C:\Users\dqcuong\.stmcufinder\plugins\mcufinder/ => C:\Users\dqcuong\.stmcufinder\plugins\mcufinder
2025-02-10 07:57:27,799 [INFO] ApiDb:250 - Set database path to: C:\Users\dqcuong\.stmcufinder\plugins\mcufinder//mcu/
2025-02-10 07:57:27,799 [WARN] DbFile:41 - Overriding database path with different value: C:\Users\dqcuong\.stmcufinder\plugins\mcufinder/ => C:\Users\dqcuong\.stmcufinder\plugins\mcufinder
2025-02-10 07:57:27,799 [INFO] DbMcusAds:125 - Set database path to: C:\Users\dqcuong\.stmcufinder\plugins\mcufinder//mcu/
2025-02-10 07:57:27,799 [WARN] DbFile:41 - Overriding database path with different value: C:\Users\dqcuong\.stmcufinder\plugins\mcufinder/ => C:\Users\dqcuong\.stmcufinder\plugins\mcufinder
2025-02-10 07:57:27,799 [WARN] DbFile:41 - Overriding database path with different value: C:\Users\dqcuong\.stmcufinder\plugins\mcufinder/ => C:\Users\dqcuong\.stmcufinder\plugins\mcufinder
2025-02-10 07:57:27,799 [INFO] CrossReferenceDbSqlite:203 - Set database path to: C:\Users\dqcuong\.stmcufinder\plugins\mcufinder//mcu/cs/
2025-02-10 07:57:27,839 [INFO] MainPanel:272 - HeapMemory: 268435456
2025-02-10 07:57:27,903 [INFO] DbMcusXml:78 - Set database path to: C:\ST\STM32CubeIDE_1.17.0\STM32CubeIDE\plugins\com.st.stm32cube.common.mx_6.13.0.202411220809\\db\/mcu/
2025-02-10 07:57:27,903 [INFO] ApiDb:274 - Set plugin database path to: C:\ST\STM32CubeIDE_1.17.0\STM32CubeIDE\plugins\com.st.stm32cube.common.mx_6.13.0.202411220809\\db\/plugins/boardmanager/
2025-02-10 07:57:27,903 [INFO] ApiDb:261 - Set plugin images path to: C:\ST\STM32CubeIDE_1.17.0\STM32CubeIDE\plugins\com.st.stm32cube.common.mx_6.13.0.202411220809\\db\/plugins/mcufinder/images/
2025-02-10 07:57:27,903 [WARN] DbFile:41 - Overriding database path with different value: C:\Users\dqcuong\.stmcufinder\plugins\mcufinder/ => C:\Users\dqcuong\.stmcufinder\plugins\mcufinder
2025-02-10 07:57:27,903 [INFO] ApiDb:250 - Set database path to: C:\Users\dqcuong\.stmcufinder\plugins\mcufinder//mcu/
2025-02-10 07:57:27,903 [WARN] DbFile:41 - Overriding database path with different value: C:\Users\dqcuong\.stmcufinder\plugins\mcufinder/ => C:\Users\dqcuong\.stmcufinder\plugins\mcufinder
2025-02-10 07:57:27,903 [INFO] DbMcusAds:125 - Set database path to: C:\Users\dqcuong\.stmcufinder\plugins\mcufinder//mcu/
2025-02-10 07:57:27,903 [WARN] DbFile:41 - Overriding database path with different value: C:\Users\dqcuong\.stmcufinder\plugins\mcufinder/ => C:\Users\dqcuong\.stmcufinder\plugins\mcufinder
2025-02-10 07:57:27,903 [WARN] DbFile:41 - Overriding database path with different value: C:\Users\dqcuong\.stmcufinder\plugins\mcufinder/ => C:\Users\dqcuong\.stmcufinder\plugins\mcufinder
2025-02-10 07:57:27,903 [INFO] CrossReferenceDbSqlite:203 - Set database path to: C:\Users\dqcuong\.stmcufinder\plugins\mcufinder//mcu/cs/
2025-02-10 07:57:27,913 [INFO] ApplicationProperties:184 - Using Application install path: C:\ST\STM32CubeIDE_1.17.0\STM32CubeIDE\plugins\com.st.stm32cube.common.mx_6.13.0.202411220809
2025-02-10 07:57:27,914 [INFO] PluginManage:196 - Search for loadable plugins [exclusion list=, ]
2025-02-10 07:57:27,915 [INFO] PluginManage:310 - Check plugin analytics
2025-02-10 07:57:28,014 [INFO] AnalyticsPlugin:253 - Accepted Software Licenses: STM32CubeMX.6.13.0
2025-02-10 07:57:28,014 [INFO] AnalyticsPlugin:255 - Accepted CMSIS Pack Licenses: 
2025-02-10 07:57:28,015 [INFO] AnalyticsPlugin:257 - Accepted Firmware Licenses: FW.F4.1.28.0
2025-02-10 07:57:28,016 [INFO] PluginManage:359 - Loaded plugin analytics (category:tool,tabindex:-1)
2025-02-10 07:57:28,016 [INFO] PluginManage:310 - Check plugin cadmodel
2025-02-10 07:57:28,027 [INFO] CADModel:105 - Init CAD model plugin
2025-02-10 07:57:28,027 [INFO] PluginManage:359 - Loaded plugin cadmodel (category:power,tabindex:5)
2025-02-10 07:57:28,027 [INFO] PluginManage:310 - Check plugin clock
2025-02-10 07:57:28,038 [INFO] PluginManage:359 - Loaded plugin clock (category:base,tabindex:2)
2025-02-10 07:57:28,039 [INFO] PluginManage:310 - Check plugin ddr
2025-02-10 07:57:28,041 [INFO] PluginManage:359 - Loaded plugin ddr (category:tool,tabindex:6)
2025-02-10 07:57:28,041 [INFO] PluginManage:310 - Check plugin filemanager
2025-02-10 07:57:28,287 [INFO] PluginManage:359 - Loaded plugin filemanager (category:base,tabindex:10)
2025-02-10 07:57:28,287 [INFO] PluginManage:310 - Check plugin ipmanager
2025-02-10 07:57:28,290 [INFO] PluginManage:359 - Loaded plugin ipmanager (category:base,tabindex:5)
2025-02-10 07:57:28,290 [INFO] PluginManage:310 - Check plugin lpbam
2025-02-10 07:57:28,301 [INFO] PluginManage:359 - Loaded plugin lpbam (category:base,tabindex:0)
2025-02-10 07:57:28,301 [INFO] PluginManage:310 - Check plugin memorymap
2025-02-10 07:57:28,315 [INFO] PluginManage:359 - Loaded plugin memorymap (category:base,tabindex:4)
2025-02-10 07:57:28,315 [INFO] PluginManage:310 - Check plugin pinoutandconfiguration
2025-02-10 07:57:28,326 [INFO] PluginManage:359 - Loaded plugin pinoutandconfiguration (category:base,tabindex:1)
2025-02-10 07:57:28,326 [INFO] PluginManage:310 - Check plugin pinoutconfig
2025-02-10 07:57:28,376 [WARN] SupportedApi:132 - Cannot load RTOS API schema: s4s-elt-must-match.1: The content of 'definitions' must match (annotation?, (simpleType | complexType)?, (unique | key | keyref)*)). A problem was found starting at: attribute.
2025-02-10 07:57:28,447 [INFO] PluginManage:359 - Loaded plugin pinoutconfig (category:base,tabindex:0)
2025-02-10 07:57:28,447 [INFO] PluginManage:310 - Check plugin power
2025-02-10 07:57:28,458 [INFO] PluginManage:359 - Loaded plugin power (category:power,tabindex:4)
2025-02-10 07:57:28,459 [INFO] PluginManage:310 - Check plugin projectmanager
2025-02-10 07:57:28,466 [INFO] PluginManage:359 - Loaded plugin projectmanager (category:projectmanager,tabindex:4)
2025-02-10 07:57:28,466 [INFO] PluginManage:310 - Check plugin rif
2025-02-10 07:57:28,478 [INFO] PluginManage:359 - Loaded plugin rif (category:base,tabindex:3)
2025-02-10 07:57:28,478 [INFO] PluginManage:310 - Check plugin thirdparty
2025-02-10 07:57:28,634 [INFO] PluginManage:359 - Loaded plugin thirdparty (category:base,tabindex:-1)
2025-02-10 07:57:28,634 [INFO] PluginManage:310 - Check plugin tools
2025-02-10 07:57:28,633 [WARN] IntegrityCheckThread:84 - waiting for thirdparty lock release [integrity check]
2025-02-10 07:57:28,634 [INFO] IntegrityCheckThread:86 - entering critical section [integrity check]
2025-02-10 07:57:28,634 [INFO] ThirdPartyUpdaterWithRetryManager:70 - Updater plugin not ready yet. [1/15]
2025-02-10 07:57:28,654 [INFO] PluginManage:359 - Loaded plugin tools (category:base,tabindex:7)
2025-02-10 07:57:28,655 [INFO] PluginManage:310 - Check plugin tutovideos
2025-02-10 07:57:28,790 [INFO] PluginManage:359 - Loaded plugin tutovideos (category:base,tabindex:-1)
2025-02-10 07:57:28,790 [INFO] PluginManage:310 - Check plugin updater
2025-02-10 07:57:28,802 [INFO] PluginManage:359 - Loaded plugin updater (category:base,tabindex:12)
2025-02-10 07:57:28,802 [INFO] PluginManage:310 - Check plugin userauth
2025-02-10 07:57:28,804 [INFO] UserAuth:118 - Init User Auth plugin
2025-02-10 07:57:28,805 [INFO] PluginManage:359 - Loaded plugin userauth (category:base,tabindex:14)
2025-02-10 07:57:28,805 [INFO] PluginManage:283 - PluginManage : Loaded plugins [18]
2025-02-10 07:57:28,916 [INFO] PinOutPanel:1589 - setPackage(No Configuration,No Configuration)
2025-02-10 07:57:28,963 [INFO] CADModel:165 - CPN selected for project level
2025-02-10 07:57:28,963 [INFO] CADModel:114 - Register for checkConnection events
2025-02-10 07:57:28,980 [INFO] IPUIPlugin:80 - create IPUIPlugin
2025-02-10 07:57:28,980 [INFO] PluginManager:220 - loadIPPluginJar : add adc
2025-02-10 07:57:29,003 [INFO] IPUIPlugin:80 - create IPUIPlugin
2025-02-10 07:57:29,003 [INFO] PluginManager:220 - loadIPPluginJar : add aes
2025-02-10 07:57:29,027 [INFO] IPUIPlugin:80 - create IPUIPlugin
2025-02-10 07:57:29,027 [INFO] PluginManager:220 - loadIPPluginJar : add can
2025-02-10 07:57:29,043 [INFO] IPUIPlugin:80 - create IPUIPlugin
2025-02-10 07:57:29,043 [INFO] PluginManager:220 - loadIPPluginJar : add comp
2025-02-10 07:57:29,065 [INFO] IPUIPlugin:80 - create IPUIPlugin
2025-02-10 07:57:29,066 [INFO] PluginManager:220 - loadIPPluginJar : add cryp
2025-02-10 07:57:29,072 [INFO] IPUIPlugin:80 - create IPUIPlugin
2025-02-10 07:57:29,072 [INFO] PluginManager:220 - loadIPPluginJar : add ddr_ctrl_phy
2025-02-10 07:57:29,090 [INFO] IPUIPlugin:80 - create IPUIPlugin
2025-02-10 07:57:29,090 [INFO] PluginManager:220 - loadIPPluginJar : add dfsdm
2025-02-10 07:57:29,099 [INFO] IPUIPlugin:80 - create IPUIPlugin
2025-02-10 07:57:29,099 [INFO] PluginManager:220 - loadIPPluginJar : add dma
2025-02-10 07:57:29,122 [INFO] IPUIPlugin:80 - create IPUIPlugin
2025-02-10 07:57:29,122 [INFO] PluginManager:220 - loadIPPluginJar : add dma3
2025-02-10 07:57:29,149 [INFO] IPUIPlugin:80 - create IPUIPlugin
2025-02-10 07:57:29,149 [INFO] PluginManager:220 - loadIPPluginJar : add extmemmanager
2025-02-10 07:57:29,162 [INFO] IPUIPlugin:80 - create IPUIPlugin
2025-02-10 07:57:29,162 [INFO] PluginManager:220 - loadIPPluginJar : add fatfs
2025-02-10 07:57:29,191 [INFO] IPUIPlugin:80 - create IPUIPlugin
2025-02-10 07:57:29,191 [INFO] PluginManager:220 - loadIPPluginJar : add fmc
2025-02-10 07:57:29,201 [INFO] IPUIPlugin:80 - create IPUIPlugin
2025-02-10 07:57:29,201 [INFO] PluginManager:220 - loadIPPluginJar : add freertos
2025-02-10 07:57:29,215 [INFO] IPUIPlugin:80 - create IPUIPlugin
2025-02-10 07:57:29,215 [INFO] PluginManager:220 - loadIPPluginJar : add genericplugin
2025-02-10 07:57:29,269 [INFO] IPUIPlugin:80 - create IPUIPlugin
2025-02-10 07:57:29,269 [INFO] PluginManager:220 - loadIPPluginJar : add gfxmmu
2025-02-10 07:57:29,340 [INFO] IPUIPlugin:80 - create IPUIPlugin
2025-02-10 07:57:29,340 [INFO] PluginManager:220 - loadIPPluginJar : add gic
2025-02-10 07:57:29,348 [INFO] IPUIPlugin:80 - create IPUIPlugin
2025-02-10 07:57:29,348 [INFO] PluginManager:220 - loadIPPluginJar : add gpio
2025-02-10 07:57:29,399 [INFO] IPUIPlugin:80 - create IPUIPlugin
2025-02-10 07:57:29,399 [INFO] PluginManager:220 - loadIPPluginJar : add gtzc
2025-02-10 07:57:29,418 [INFO] IPUIPlugin:80 - create IPUIPlugin
2025-02-10 07:57:29,418 [INFO] PluginManager:220 - loadIPPluginJar : add hash
2025-02-10 07:57:29,447 [INFO] IPUIPlugin:80 - create IPUIPlugin
2025-02-10 07:57:29,447 [INFO] PluginManager:220 - loadIPPluginJar : add i2c
2025-02-10 07:57:29,470 [INFO] IPUIPlugin:80 - create IPUIPlugin
2025-02-10 07:57:29,470 [INFO] PluginManager:220 - loadIPPluginJar : add i2s
2025-02-10 07:57:29,493 [INFO] IPUIPlugin:80 - create IPUIPlugin
2025-02-10 07:57:29,493 [INFO] PluginManager:220 - loadIPPluginJar : add i3c
2025-02-10 07:57:29,551 [INFO] IPUIPlugin:80 - create IPUIPlugin
2025-02-10 07:57:29,552 [INFO] PluginManager:220 - loadIPPluginJar : add ipddr
2025-02-10 07:57:29,602 [INFO] IPUIPlugin:80 - create IPUIPlugin
2025-02-10 07:57:29,603 [INFO] PluginManager:220 - loadIPPluginJar : add linkedlist
2025-02-10 07:57:29,623 [INFO] IPUIPlugin:80 - create IPUIPlugin
2025-02-10 07:57:29,623 [INFO] PluginManager:220 - loadIPPluginJar : add lorawan
2025-02-10 07:57:29,645 [INFO] IPUIPlugin:80 - create IPUIPlugin
2025-02-10 07:57:29,645 [INFO] PluginManager:220 - loadIPPluginJar : add ltdc
2025-02-10 07:57:29,652 [INFO] IPUIPlugin:80 - create IPUIPlugin
2025-02-10 07:57:29,653 [INFO] PluginManager:220 - loadIPPluginJar : add mdma
2025-02-10 07:57:29,660 [INFO] IPUIPlugin:80 - create IPUIPlugin
2025-02-10 07:57:29,660 [INFO] PluginManager:220 - loadIPPluginJar : add nvic
2025-02-10 07:57:29,681 [INFO] IPUIPlugin:80 - create IPUIPlugin
2025-02-10 07:57:29,681 [INFO] PluginManager:220 - loadIPPluginJar : add opamp
2025-02-10 07:57:29,714 [INFO] IPUIPlugin:80 - create IPUIPlugin
2025-02-10 07:57:29,714 [INFO] PluginManager:220 - loadIPPluginJar : add openamp
2025-02-10 07:57:29,738 [INFO] IPUIPlugin:80 - create IPUIPlugin
2025-02-10 07:57:29,738 [INFO] PluginManager:220 - loadIPPluginJar : add pdm2pcm
2025-02-10 07:57:29,747 [INFO] IPUIPlugin:80 - create IPUIPlugin
2025-02-10 07:57:29,748 [INFO] PluginManager:220 - loadIPPluginJar : add plateformsettings
2025-02-10 07:57:29,763 [INFO] IPUIPlugin:80 - create IPUIPlugin
2025-02-10 07:57:29,763 [INFO] PluginManager:220 - loadIPPluginJar : add quadspi
2025-02-10 07:57:29,778 [INFO] IPUIPlugin:80 - create IPUIPlugin
2025-02-10 07:57:29,778 [INFO] PluginManager:220 - loadIPPluginJar : add radio
2025-02-10 07:57:29,785 [INFO] IPUIPlugin:80 - create IPUIPlugin
2025-02-10 07:57:29,785 [INFO] PluginManager:220 - loadIPPluginJar : add resmgrutility
2025-02-10 07:57:29,812 [INFO] IPUIPlugin:80 - create IPUIPlugin
2025-02-10 07:57:29,812 [INFO] PluginManager:220 - loadIPPluginJar : add sai
2025-02-10 07:57:29,833 [INFO] IPUIPlugin:80 - create IPUIPlugin
2025-02-10 07:57:29,833 [INFO] PluginManager:220 - loadIPPluginJar : add spi
2025-02-10 07:57:29,873 [INFO] IPUIPlugin:80 - create IPUIPlugin
2025-02-10 07:57:29,873 [INFO] PluginManager:220 - loadIPPluginJar : add stm32_wpan
2025-02-10 07:57:29,889 [INFO] IPUIPlugin:80 - create IPUIPlugin
2025-02-10 07:57:29,889 [INFO] PluginManager:220 - loadIPPluginJar : add tim
2025-02-10 07:57:29,924 [INFO] IPUIPlugin:80 - create IPUIPlugin
2025-02-10 07:57:29,924 [INFO] PluginManager:220 - loadIPPluginJar : add touchsensing
2025-02-10 07:57:29,937 [INFO] IPUIPlugin:80 - create IPUIPlugin
2025-02-10 07:57:29,937 [INFO] PluginManager:220 - loadIPPluginJar : add tracer_emb
2025-02-10 07:57:29,951 [INFO] IPUIPlugin:80 - create IPUIPlugin
2025-02-10 07:57:29,951 [INFO] PluginManager:220 - loadIPPluginJar : add ts
2025-02-10 07:57:29,966 [INFO] IPUIPlugin:80 - create IPUIPlugin
2025-02-10 07:57:29,966 [INFO] PluginManager:220 - loadIPPluginJar : add tsc
2025-02-10 07:57:29,979 [INFO] IPUIPlugin:80 - create IPUIPlugin
2025-02-10 07:57:29,980 [INFO] PluginManager:220 - loadIPPluginJar : add ucpd
2025-02-10 07:57:30,003 [INFO] IPUIPlugin:80 - create IPUIPlugin
2025-02-10 07:57:30,003 [INFO] PluginManager:220 - loadIPPluginJar : add usart
2025-02-10 07:57:30,028 [INFO] IPUIPlugin:80 - create IPUIPlugin
2025-02-10 07:57:30,028 [INFO] PluginManager:220 - loadIPPluginJar : add usbx
2025-02-10 07:57:30,125 [FATAL] Updater:351 - Updater called before beeing initialized
2025-02-10 07:57:30,155 [INFO] RulesReader:64 - Compatibility file has been processed (297 Rules)
2025-02-10 07:57:30,159 [INFO] RulesReader:64 - Compatibility file has been processed (297 Rules)
2025-02-10 07:57:30,167 [INFO] CADModel:165 - CPN selected for project level
2025-02-10 07:57:30,167 [INFO] CADModel:114 - Register for checkConnection events
2025-02-10 07:57:30,168 [FATAL] Updater:351 - Updater called before beeing initialized
2025-02-10 07:57:30,168 [ERROR] CADModel:125 - Updater not yet initialized, retry later 
2025-02-10 07:57:30,242 [FATAL] Updater:351 - Updater called before beeing initialized
2025-02-10 07:57:30,243 [INFO] CADModel:165 - CPN selected for project level
2025-02-10 07:57:30,243 [INFO] CADModel:114 - Register for checkConnection events
2025-02-10 07:57:30,243 [FATAL] Updater:351 - Updater called before beeing initialized
2025-02-10 07:57:30,243 [ERROR] CADModel:125 - Updater not yet initialized, retry later 
2025-02-10 07:57:30,245 [FATAL] Updater:351 - Updater called before beeing initialized
2025-02-10 07:57:30,299 [FATAL] Updater:351 - Updater called before beeing initialized
2025-02-10 07:57:30,304 [INFO] DbMcusAds:53 - JSON generation date=Tue Dec 17 23:01:15 ICT 2024 (1734451275111)
2025-02-10 07:57:30,305 [FATAL] Updater:351 - Updater called before beeing initialized
2025-02-10 07:57:30,326 [WARN] DetailPanel:346 - Failed to get advertising image, set to default
2025-02-10 07:57:30,448 [FATAL] Updater:351 - Updater called before beeing initialized
2025-02-10 07:57:30,448 [FATAL] Updater:351 - Updater called before beeing initialized
2025-02-10 07:57:30,448 [FATAL] Updater:351 - Updater called before beeing initialized
2025-02-10 07:57:30,449 [WARN] DetailPanel:346 - Failed to get advertising image, set to default
2025-02-10 07:57:30,449 [FATAL] Updater:351 - Updater called before beeing initialized
2025-02-10 07:57:30,482 [ERROR] Updater:1198 - MainUpdater not yet initialized. External WinMGr cannot be set.
2025-02-10 07:57:30,488 [INFO] Updater:1134 - Updater Version found : 6.13.0
2025-02-10 07:57:30,498 [INFO] ApplicationProperties:184 - Using Application install path: C:\ST\STM32CubeIDE_1.17.0\STM32CubeIDE\plugins\com.st.stm32cube.common.mx_6.13.0.202411220809
2025-02-10 07:57:31,636 [INFO] ThirdPartyUpdaterWithRetryManager:70 - Updater plugin not ready yet. [2/15]
2025-02-10 07:57:32,065 [ERROR] LogOutputStream:75 - [STDERR_REDIRECT] Feb 10, 2025 7:57:32 AM java.util.prefs.WindowsPreferences <init>
2025-02-10 07:57:32,066 [ERROR] LogOutputStream:75 - [STDERR_REDIRECT] WARNING: Could not open/create prefs root node Software\JavaSoft\Prefs at root 0xffffffff80000002. Windows RegCreateKeyEx(...) returned error code 5.
2025-02-10 07:57:32,066 [ERROR] LogOutputStream:75 - [STDERR_REDIRECT] 
2025-02-10 07:57:32,440 [INFO] MainUpdater:2872 - connection check result : 10
2025-02-10 07:57:32,440 [INFO] MainUpdater:3566 - Updater definition file requires update
2025-02-10 07:57:32,440 [INFO] MainUpdater:289 - Updater Check For Update Now.
2025-02-10 07:57:32,440 [INFO] MicroXplorer:498 - Change Database Version : DB.6.0.130
2025-02-10 07:57:32,450 [INFO] McuFinderGlobals:63 - Set McuFinder mode to 2 (CubeIDE integrated)
2025-02-10 07:57:32,450 [INFO] UserAuth:171 - activating auth plugin
2025-02-10 07:57:32,452 [INFO] UserAuth:486 - Internet connection configuration mode: 1
2025-02-10 07:57:32,468 [INFO] JxBrowserEngine:152 - Initiate JxBrowser Engine with user profile folder
2025-02-10 07:57:32,644 [INFO] ServerAccessManage:473 - Download File updaters.zip
2025-02-10 07:57:32,718 [INFO] FileExtend:240 - Unzip File : updaters.zip
2025-02-10 07:57:32,719 [INFO] FileExtend:255 - Standard Zip Deflate
2025-02-10 07:57:33,106 [INFO] ServerAccessManage:473 - Download File PacksControlFlags.xml
2025-02-10 07:57:33,155 [INFO] WebApp:168 - Instantiating new browser for Auth
2025-02-10 07:57:33,218 [INFO] ServerAccessManage:473 - Download File cubemx.pidx
2025-02-10 07:57:33,276 [INFO] LoadServerUpdatesThread:375 - End of LoadServerUpdate Thread
2025-02-10 07:57:33,425 [INFO] CheckServerUpdateThread:120 - End of CheckServer Thread
2025-02-10 07:57:33,536 [INFO] WebApp:449 - Apply proxy settings
2025-02-10 07:57:33,536 [INFO] WebApp:534 - Chromium requires no authentication
2025-02-10 07:57:33,541 [INFO] WebApp:477 - Direct internet connection detected
2025-02-10 07:57:33,555 [INFO] WebApp:880 - Register for checkConnection events
2025-02-10 07:57:33,555 [INFO] WebApp:449 - Apply proxy settings
2025-02-10 07:57:33,555 [INFO] WebApp:534 - Chromium requires no authentication
2025-02-10 07:57:33,555 [INFO] WebApp:477 - Direct internet connection detected
2025-02-10 07:57:33,654 [INFO] WebApp:221 - Starting web application
2025-02-10 07:57:33,654 [INFO] WebApp:579 - Web application path used C:\ST\STM32CubeIDE_1.17.0\STM32CubeIDE\plugins\com.st.stm32cube.common.mx_6.13.0.202411220809\db\plugins\mcufinder\reactClient1\index.html
2025-02-10 07:57:33,804 [INFO] WebApp:187 - Connection restablished
2025-02-10 07:57:34,712 [WARN] PackLoader:240 - Cannot read IP mode file for STMicroelectronics.FP-SNS-MOTENVWB1.1.4.0
2025-02-10 07:57:34,720 [WARN] PackLoader:240 - Cannot read IP mode file for STMicroelectronics.X-CUBE-SMBUS.2.1.0
2025-02-10 07:57:34,731 [WARN] PackLoader:240 - Cannot read IP mode file for STMicroelectronics.X-CUBE-WB05N.1.1.0
2025-02-10 07:57:34,751 [WARN] PackLoader:240 - Cannot read IP mode file for STMicroelectronics.X-CUBE-AZRTOS-F7.1.1.0
2025-02-10 07:57:34,761 [WARN] PackLoader:240 - Cannot read IP mode file for STMicroelectronics.FP-SNS-FLIGHT1.5.0.2
2025-02-10 07:57:34,770 [WARN] PackLoader:240 - Cannot read IP mode file for STMicroelectronics.X-CUBE-DISPLAY.3.0.0
2025-02-10 07:57:34,782 [WARN] PackLoader:240 - Cannot read IP mode file for STMicroelectronics.X-CUBE-BLE1.7.0.0
2025-02-10 07:57:34,790 [WARN] PackLoader:240 - Cannot read IP mode file for STMicroelectronics.X-CUBE-NFC10.1.0.0
2025-02-10 07:57:34,800 [WARN] PackLoader:240 - Cannot read IP mode file for STMicroelectronics.FP-SNS-SMARTAG2.1.2.0
2025-02-10 07:57:34,811 [INFO] LogOutputStream:77 - [STDOUT_REDIRECT] 1 : Invalid condition id : UX_CORESTACK_Condition cause : null
2025-02-10 07:57:34,812 [INFO] LogOutputStream:77 - [STDOUT_REDIRECT] 1 : Invalid condition id : UX_CORESTACK_Condition cause : null
2025-02-10 07:57:34,812 [INFO] LogOutputStream:77 - [STDOUT_REDIRECT] 1 : Invalid condition id : UX_CORESTACK_Condition cause : null
2025-02-10 07:57:34,812 [INFO] LogOutputStream:77 - [STDOUT_REDIRECT] 1 : Invalid condition id : UX_CORESTACK_Condition cause : null
2025-02-10 07:57:34,813 [INFO] LogOutputStream:77 - [STDOUT_REDIRECT] 1 : Invalid condition id : UX_CORESTACK_Condition cause : null
2025-02-10 07:57:34,814 [WARN] PackLoader:240 - Cannot read IP mode file for STMicroelectronics.X-CUBE-AZRTOS-WL.2.0.0
2025-02-10 07:57:34,822 [WARN] PackLoader:240 - Cannot read IP mode file for STMicroelectronics.FP-SNS-MOTENV1.5.0.0
2025-02-10 07:57:34,830 [WARN] PackLoader:240 - Cannot read IP mode file for wolfSSL.I-CUBE-wolfMQTT.1.19.0
2025-02-10 07:57:34,838 [WARN] PackLoader:240 - Cannot read IP mode file for STMicroelectronics.X-CUBE-BLE2.3.3.0
2025-02-10 07:57:34,848 [WARN] PackLoader:240 - Cannot read IP mode file for STMicroelectronics.X-CUBE-NFC9.1.0.0
2025-02-10 07:57:34,863 [WARN] PackLoader:240 - Cannot read IP mode file for STMicroelectronics.X-CUBE-AZRTOS-G0.1.1.0
2025-02-10 07:57:34,873 [WARN] PackLoader:240 - Cannot read IP mode file for STMicroelectronics.X-CUBE-SAFEA1.1.2.2
2025-02-10 07:57:34,883 [WARN] PackLoader:240 - Cannot read IP mode file for STMicroelectronics.X-CUBE-NFC4.3.0.0
2025-02-10 07:57:34,891 [WARN] PackLoader:240 - Cannot read IP mode file for RealThread.X-CUBE-RT-Thread_Nano.4.1.1
2025-02-10 07:57:34,898 [WARN] PackLoader:240 - Cannot read IP mode file for STMicroelectronics.FP-ATR-SIGFOX1.3.2.0
2025-02-10 07:57:34,907 [WARN] PackLoader:240 - Cannot read IP mode file for STMicroelectronics.X-CUBE-EEPRMA1.5.1.0
2025-02-10 07:57:34,927 [WARN] PackLoader:240 - Cannot read IP mode file for SEGGER.I-CUBE-embOS.1.3.1
2025-02-10 07:57:34,952 [WARN] PackLoader:240 - Cannot read IP mode file for STMicroelectronics.X-CUBE-ALGOBUILD.1.4.0
2025-02-10 07:57:34,968 [WARN] PackLoader:240 - Cannot read IP mode file for STMicroelectronics.X-CUBE-AZRTOS-F4.1.1.0
2025-02-10 07:57:34,976 [WARN] PackLoader:240 - Cannot read IP mode file for STMicroelectronics.X-CUBE-ISPU.2.1.0
2025-02-10 07:57:34,992 [WARN] PackLoader:240 - Cannot read IP mode file for STMicroelectronics.X-CUBE-AZRTOS-L5.2.0.0
2025-02-10 07:57:35,003 [WARN] PackLoader:240 - Cannot read IP mode file for STMicroelectronics.X-CUBE-NFC6.3.1.0
2025-02-10 07:57:35,011 [WARN] PackLoader:240 - Cannot read IP mode file for STMicroelectronics.X-CUBE-DPower.1.2.0
2025-02-10 07:57:35,020 [WARN] PackLoader:240 - Cannot read IP mode file for STMicroelectronics.X-CUBE-NFC7.1.0.1
2025-02-10 07:57:35,036 [WARN] ConditionMgr:438 - getConditionDescription Invalid condition id : LAN8742 Phy interface Condition cause : null
2025-02-10 07:57:35,036 [WARN] PackLoader:240 - Cannot read IP mode file for STMicroelectronics.X-CUBE-AZRTOS-L4.2.0.0
2025-02-10 07:57:35,036 [WARN] ConditionMgr:1044 - genDependencies : Invalid condition id : LAN8742 Phy interface Condition cause : null
2025-02-10 07:57:35,037 [WARN] ConditionMgr:1044 - genDependencies : Invalid condition id : LAN8742 Phy interface Condition cause : null
2025-02-10 07:57:35,037 [WARN] ConditionMgr:1044 - genDependencies : Invalid condition id : LAN8742 Phy interface Condition cause : null
2025-02-10 07:57:35,045 [WARN] PackLoader:240 - Cannot read IP mode file for STMicroelectronics.X-CUBE-SFXS2LP1.4.0.0
2025-02-10 07:57:35,061 [WARN] PackLoader:240 - Cannot read IP mode file for STMicroelectronics.X-CUBE-AZRTOS-H7.3.3.0
2025-02-10 07:57:35,076 [WARN] ConditionMgr:438 - getConditionDescription Invalid condition id : UX DEVICE CLASS RTOS Condition cause : null
2025-02-10 07:57:35,076 [WARN] ConditionMgr:438 - getConditionDescription Invalid condition id : UX DEVICE CLASS RTOS Condition cause : null
2025-02-10 07:57:35,077 [WARN] PackLoader:240 - Cannot read IP mode file for STMicroelectronics.X-CUBE-AZRTOS-WB.2.0.0
2025-02-10 07:57:35,077 [WARN] ConditionMgr:1044 - genDependencies : Invalid condition id : UX DEVICE CLASS RTOS Condition cause : null
2025-02-10 07:57:35,077 [WARN] ConditionMgr:1044 - genDependencies : Invalid condition id : UX DEVICE CLASS RTOS Condition cause : null
2025-02-10 07:57:35,077 [WARN] ConditionMgr:1044 - genDependencies : Invalid condition id : UX DEVICE CLASS RTOS Condition cause : null
2025-02-10 07:57:35,078 [WARN] ConditionMgr:1044 - genDependencies : Invalid condition id : UX DEVICE CLASS RTOS Condition cause : null
2025-02-10 07:57:35,078 [WARN] ConditionMgr:1044 - genDependencies : Invalid condition id : UX DEVICE CLASS RTOS Condition cause : null
2025-02-10 07:57:35,086 [WARN] PackLoader:240 - Cannot read IP mode file for STMicroelectronics.FP-SNS-STBOX1.2.0.0
2025-02-10 07:57:35,098 [WARN] PackLoader:240 - Cannot read IP mode file for STMicroelectronics.X-CUBE-SUBG2.5.0.0
2025-02-10 07:57:35,113 [WARN] PackLoader:240 - Cannot read IP mode file for STMicroelectronics.X-CUBE-AZRTOS-G4.2.0.0
2025-02-10 07:57:35,120 [WARN] PackLoader:240 - Cannot read IP mode file for STMicroelectronics.X-CUBE-ALS.1.0.2
2025-02-10 07:57:35,128 [WARN] PackLoader:240 - Cannot read IP mode file for portGmbH.I-Cube-SoM-uGOAL.1.1.0
2025-02-10 07:57:35,142 [WARN] PackLoader:240 - Cannot read IP mode file for STMicroelectronics.X-CUBE-AZRTOS-H7RS.1.0.0
2025-02-10 07:57:35,154 [WARN] PackLoader:240 - Cannot read IP mode file for STMicroelectronics.X-CUBE-TOF1.3.4.2
2025-02-10 07:57:35,165 [WARN] PackLoader:240 - Cannot read IP mode file for wolfSSL.I-CUBE-wolfSSH.1.4.17
2025-02-10 07:57:35,166 [INFO] ThirdParty:978 - Integrity check success = true
2025-02-10 07:57:35,166 [INFO] IntegrityCheckThread:100 - exiting critical section [integrity check]
2025-02-10 07:57:35,166 [INFO] IntegrityCheckThread:103 - End integrity checks thread
